<?xml version="1.0" encoding="UTF-8"?>
<!-- Generated by org.testng.reporters.JUnitReportReporter -->
<testsuite hostname="DESKTOP-NE5DNC7" failures="0" tests="2" name="TestRunner.RunnerTest" time="19.026" errors="0" timestamp="2023-08-04T16:04:16 IST" skipped="0">
  <testcase classname="TestRunner.RunnerTest" name="runScenario" time="0.979"/>
  <system-out/>
  <testcase classname="TestRunner.RunnerTest" name="runScenario" time="18.047"/>
  <system-out/>
</testsuite> <!-- TestRunner.RunnerTest -->
